<?xml version="1.0" encoding="UTF-8"?><testsuite errors="0" failures="1" name="I as a user of linio" skipped="0" tests="1" time="70.81" timestamp="2020-01-18 10:13:26"><testcase name="Add a product to the shopping cart and validate that it is added correctly"><failure message="&#10;Expected: &quot;Notebook Lenovo IdeaPad L340 Gaming, 15.6, Intel Core i5-9300H 2.4GHz, 8GB DDR4, 1TB SATA&quot;&#10;     but: was &quot;Notebook Lenovo IdeaPad L340 Gaming, 15.6\&quot;, Intel Core I5-9300H 2.4GHz, 8GB DDR4, 1TB SATA&quot;" type="java.lang.AssertionError">
Expected: "Notebook Lenovo IdeaPad L340 Gaming, 15.6, Intel Core i5-9300H 2.4GHz, 8GB DDR4, 1TB SATA"
     but: was "Notebook Lenovo IdeaPad L340 Gaming, 15.6\", Intel Core I5-9300H 2.4GHz, 8GB DDR4, 1TB SATA"</failure><system-err>
Expected: "Notebook Lenovo IdeaPad L340 Gaming, 15.6, Intel Core i5-9300H 2.4GHz, 8GB DDR4, 1TB SATA"
     but: was "Notebook Lenovo IdeaPad L340 Gaming, 15.6\", Intel Core I5-9300H 2.4GHz, 8GB DDR4, 1TB SATA"&#13;
com.sophosolutions.www.stepdefinitions.ShoppingCartStepDefinitions.heShouldSeeThatTheProductWasAddedSuccessfully(ShoppingCartStepDefinitions.java:41)&#13;
✽.he should see that the product was added successfully(src/test/resources/features/shopping_cart.feature:8)&#13;
</system-err></testcase></testsuite>